d:\桌面\练习git\practice\x64\release\vc142.pdb
d:\桌面\练习git\practice\x64\release\switch语句1.obj
d:\桌面\练习git\practice\x64\release\stdafx.obj
d:\桌面\练习git\practice\x64\release\基础语句.obj
d:\桌面\练习git\practice\x64\release\switch语句2.obj
d:\桌面\练习git\practice\x64\release\？：语句.obj
d:\桌面\练习git\practice\x64\release\，，，语句14.obj
d:\桌面\练习git\practice\x64\release\结构程序练习.obj
d:\桌面\练习git\practice\x64\release\按升序输出输入的几个值13.obj
d:\桌面\练习git\practice\x64\release\四则运算计算器.obj
d:\桌面\练习git\practice\x64\release\估计sin值.obj
d:\桌面\练习git\practice\x64\release\估计sin值 例题.obj
d:\桌面\练习git\practice\x64\release\while语句.obj
d:\桌面\练习git\practice\x64\release\while2.obj
d:\桌面\练习git\practice\x64\release\vc大作业.obj
d:\桌面\练习git\practice\x64\release\p16.obj
d:\桌面\练习git\practice\x64\release\cin.getline15.obj
d:\桌面\练习git\practice\x64\release\11指针1.obj
d:\桌面\练习git\practice\x64\release\范例.obj
d:\桌面\练习git\practice\x64\release\练习.exe
d:\桌面\练习git\practice\x64\release\练习.ilk
d:\桌面\练习git\practice\x64\release\练习.pdb
d:\桌面\练习git\practice\x64\release\练习.tlog\cl.command.1.tlog
d:\桌面\练习git\practice\x64\release\练习.tlog\cl.read.1.tlog
d:\桌面\练习git\practice\x64\release\练习.tlog\cl.write.1.tlog
d:\桌面\练习git\practice\x64\release\练习.tlog\link.6716.delete.1.tlog
d:\桌面\练习git\practice\x64\release\练习.tlog\link.9688.delete.1.tlog
d:\桌面\练习git\practice\x64\release\练习.tlog\link.command.1.tlog
d:\桌面\练习git\practice\x64\release\练习.tlog\link.delete.1.tlog
d:\桌面\练习git\practice\x64\release\练习.tlog\link.read.1.tlog
d:\桌面\练习git\practice\x64\release\练习.tlog\link.write.1.tlog
